{"/Users/chris-bortel/codefellows/401/auth-server-access-control/server.js": {"path":"/Users/chris-bortel/codefellows/401/auth-server-access-control/server.js","statementMap":{"0":{"start":{"line":3,"column":16},"end":{"line":3,"column":34}},"1":{"start":{"line":4,"column":13},"end":{"line":4,"column":28}},"2":{"start":{"line":6,"column":24},"end":{"line":6,"column":54}},"3":{"start":{"line":7,"column":21},"end":{"line":7,"column":51}},"4":{"start":{"line":8,"column":19},"end":{"line":8,"column":58}},"5":{"start":{"line":9,"column":17},"end":{"line":9,"column":39}},"6":{"start":{"line":10,"column":17},"end":{"line":10,"column":39}},"7":{"start":{"line":12,"column":12},"end":{"line":12,"column":21}},"8":{"start":{"line":15,"column":0},"end":{"line":15,"column":16}},"9":{"start":{"line":16,"column":0},"end":{"line":16,"column":24}},"10":{"start":{"line":17,"column":0},"end":{"line":17,"column":48}},"11":{"start":{"line":20,"column":0},"end":{"line":20,"column":20}},"12":{"start":{"line":21,"column":0},"end":{"line":21,"column":30}},"13":{"start":{"line":22,"column":0},"end":{"line":22,"column":30}},"14":{"start":{"line":25,"column":0},"end":{"line":25,"column":30}},"15":{"start":{"line":28,"column":0},"end":{"line":28,"column":22}},"16":{"start":{"line":30,"column":0},"end":{"line":33,"column":2}},"17":{"start":{"line":32,"column":19},"end":{"line":32,"column":63}}},"fnMap":{"0":{"name":"(anonymous_0)","decl":{"start":{"line":32,"column":9},"end":{"line":32,"column":10}},"loc":{"start":{"line":32,"column":19},"end":{"line":32,"column":63}},"line":32}},"branchMap":{},"s":{"0":1,"1":1,"2":1,"3":1,"4":1,"5":1,"6":1,"7":1,"8":1,"9":1,"10":1,"11":1,"12":1,"13":1,"14":1,"15":1,"16":1,"17":0},"f":{"0":0},"b":{},"_coverageSchema":"1a1c01bbd47fc00a2c39e90264f33305004495a9","hash":"1c9107a01e361f363ddb580a34a9aaa39e7a17f4"}
,"/Users/chris-bortel/codefellows/401/auth-server-access-control/api/v1.js": {"path":"/Users/chris-bortel/codefellows/401/auth-server-access-control/api/v1.js","statementMap":{"0":{"start":{"line":9,"column":12},"end":{"line":9,"column":25}},"1":{"start":{"line":11,"column":16},"end":{"line":11,"column":34}},"2":{"start":{"line":13,"column":20},"end":{"line":13,"column":64}},"3":{"start":{"line":15,"column":15},"end":{"line":15,"column":31}},"4":{"start":{"line":18,"column":0},"end":{"line":18,"column":40}},"5":{"start":{"line":21,"column":0},"end":{"line":25,"column":3}},"6":{"start":{"line":22,"column":2},"end":{"line":22,"column":26}},"7":{"start":{"line":23,"column":2},"end":{"line":24,"column":55}},"8":{"start":{"line":24,"column":20},"end":{"line":24,"column":53}},"9":{"start":{"line":28,"column":0},"end":{"line":30,"column":3}},"10":{"start":{"line":29,"column":2},"end":{"line":29,"column":56}},"11":{"start":{"line":43,"column":0},"end":{"line":43,"column":36}},"12":{"start":{"line":52,"column":0},"end":{"line":52,"column":35}},"13":{"start":{"line":53,"column":0},"end":{"line":53,"column":40}},"14":{"start":{"line":54,"column":0},"end":{"line":54,"column":37}},"15":{"start":{"line":55,"column":0},"end":{"line":55,"column":43}},"16":{"start":{"line":61,"column":2},"end":{"line":69,"column":17}},"17":{"start":{"line":63,"column":21},"end":{"line":66,"column":7}},"18":{"start":{"line":67,"column":6},"end":{"line":67,"column":40}},"19":{"start":{"line":73,"column":2},"end":{"line":75,"column":17}},"20":{"start":{"line":74,"column":20},"end":{"line":74,"column":56}},"21":{"start":{"line":79,"column":2},"end":{"line":81,"column":17}},"22":{"start":{"line":80,"column":20},"end":{"line":80,"column":53}},"23":{"start":{"line":85,"column":2},"end":{"line":87,"column":17}},"24":{"start":{"line":86,"column":20},"end":{"line":86,"column":53}},"25":{"start":{"line":91,"column":2},"end":{"line":93,"column":17}},"26":{"start":{"line":92,"column":20},"end":{"line":92,"column":53}},"27":{"start":{"line":96,"column":0},"end":{"line":96,"column":24}}},"fnMap":{"0":{"name":"(anonymous_0)","decl":{"start":{"line":21,"column":22},"end":{"line":21,"column":23}},"loc":{"start":{"line":21,"column":45},"end":{"line":25,"column":1}},"line":21},"1":{"name":"(anonymous_1)","decl":{"start":{"line":24,"column":10},"end":{"line":24,"column":11}},"loc":{"start":{"line":24,"column":20},"end":{"line":24,"column":53}},"line":24},"2":{"name":"(anonymous_2)","decl":{"start":{"line":28,"column":29},"end":{"line":28,"column":30}},"loc":{"start":{"line":28,"column":52},"end":{"line":30,"column":1}},"line":28},"3":{"name":"handleGetAll","decl":{"start":{"line":60,"column":9},"end":{"line":60,"column":21}},"loc":{"start":{"line":60,"column":47},"end":{"line":70,"column":1}},"line":60},"4":{"name":"(anonymous_4)","decl":{"start":{"line":62,"column":10},"end":{"line":62,"column":11}},"loc":{"start":{"line":62,"column":18},"end":{"line":68,"column":5}},"line":62},"5":{"name":"handleGetOne","decl":{"start":{"line":72,"column":9},"end":{"line":72,"column":21}},"loc":{"start":{"line":72,"column":47},"end":{"line":76,"column":1}},"line":72},"6":{"name":"(anonymous_6)","decl":{"start":{"line":74,"column":10},"end":{"line":74,"column":11}},"loc":{"start":{"line":74,"column":20},"end":{"line":74,"column":56}},"line":74},"7":{"name":"handlePost","decl":{"start":{"line":78,"column":9},"end":{"line":78,"column":19}},"loc":{"start":{"line":78,"column":45},"end":{"line":82,"column":1}},"line":78},"8":{"name":"(anonymous_8)","decl":{"start":{"line":80,"column":10},"end":{"line":80,"column":11}},"loc":{"start":{"line":80,"column":20},"end":{"line":80,"column":53}},"line":80},"9":{"name":"handlePut","decl":{"start":{"line":84,"column":9},"end":{"line":84,"column":18}},"loc":{"start":{"line":84,"column":44},"end":{"line":88,"column":1}},"line":84},"10":{"name":"(anonymous_10)","decl":{"start":{"line":86,"column":10},"end":{"line":86,"column":11}},"loc":{"start":{"line":86,"column":20},"end":{"line":86,"column":53}},"line":86},"11":{"name":"handleDelete","decl":{"start":{"line":90,"column":9},"end":{"line":90,"column":21}},"loc":{"start":{"line":90,"column":47},"end":{"line":94,"column":1}},"line":90},"12":{"name":"(anonymous_12)","decl":{"start":{"line":92,"column":10},"end":{"line":92,"column":11}},"loc":{"start":{"line":92,"column":20},"end":{"line":92,"column":53}},"line":92}},"branchMap":{},"s":{"0":1,"1":1,"2":1,"3":1,"4":1,"5":1,"6":0,"7":0,"8":0,"9":1,"10":0,"11":1,"12":1,"13":1,"14":1,"15":1,"16":1,"17":1,"18":1,"19":0,"20":0,"21":4,"22":4,"23":0,"24":0,"25":0,"26":0,"27":1},"f":{"0":0,"1":0,"2":0,"3":1,"4":1,"5":0,"6":0,"7":4,"8":4,"9":0,"10":0,"11":0,"12":0},"b":{},"_coverageSchema":"1a1c01bbd47fc00a2c39e90264f33305004495a9","hash":"2c6ec321ac7104efb3e527c6db71f2e2f13c1988"}
,"/Users/chris-bortel/codefellows/401/auth-server-access-control/api/v2.js": {"path":"/Users/chris-bortel/codefellows/401/auth-server-access-control/api/v2.js","statementMap":{"0":{"start":{"line":7,"column":12},"end":{"line":7,"column":25}},"1":{"start":{"line":8,"column":16},"end":{"line":8,"column":34}},"2":{"start":{"line":9,"column":20},"end":{"line":9,"column":64}},"3":{"start":{"line":10,"column":15},"end":{"line":10,"column":31}},"4":{"start":{"line":11,"column":15},"end":{"line":11,"column":54}},"5":{"start":{"line":12,"column":20},"end":{"line":12,"column":56}},"6":{"start":{"line":14,"column":0},"end":{"line":14,"column":40}},"7":{"start":{"line":16,"column":0},"end":{"line":19,"column":3}},"8":{"start":{"line":17,"column":2},"end":{"line":17,"column":26}},"9":{"start":{"line":18,"column":2},"end":{"line":18,"column":73}},"10":{"start":{"line":18,"column":38},"end":{"line":18,"column":71}},"11":{"start":{"line":21,"column":0},"end":{"line":23,"column":3}},"12":{"start":{"line":22,"column":2},"end":{"line":22,"column":56}},"13":{"start":{"line":34,"column":0},"end":{"line":34,"column":36}},"14":{"start":{"line":42,"column":0},"end":{"line":42,"column":66}},"15":{"start":{"line":43,"column":0},"end":{"line":43,"column":65}},"16":{"start":{"line":44,"column":0},"end":{"line":44,"column":69}},"17":{"start":{"line":45,"column":0},"end":{"line":45,"column":68}},"18":{"start":{"line":46,"column":0},"end":{"line":46,"column":74}},"19":{"start":{"line":49,"column":2},"end":{"line":58,"column":3}},"20":{"start":{"line":50,"column":21},"end":{"line":50,"column":59}},"21":{"start":{"line":51,"column":19},"end":{"line":54,"column":5}},"22":{"start":{"line":55,"column":4},"end":{"line":55,"column":38}},"23":{"start":{"line":57,"column":4},"end":{"line":57,"column":12}},"24":{"start":{"line":61,"column":2},"end":{"line":66,"column":3}},"25":{"start":{"line":62,"column":17},"end":{"line":62,"column":68}},"26":{"start":{"line":63,"column":4},"end":{"line":63,"column":41}},"27":{"start":{"line":65,"column":4},"end":{"line":65,"column":12}},"28":{"start":{"line":69,"column":2},"end":{"line":74,"column":3}},"29":{"start":{"line":70,"column":17},"end":{"line":70,"column":57}},"30":{"start":{"line":71,"column":4},"end":{"line":71,"column":38}},"31":{"start":{"line":73,"column":4},"end":{"line":73,"column":12}},"32":{"start":{"line":77,"column":2},"end":{"line":82,"column":3}},"33":{"start":{"line":78,"column":17},"end":{"line":78,"column":76}},"34":{"start":{"line":79,"column":4},"end":{"line":79,"column":38}},"35":{"start":{"line":81,"column":4},"end":{"line":81,"column":12}},"36":{"start":{"line":85,"column":2},"end":{"line":90,"column":3}},"37":{"start":{"line":86,"column":17},"end":{"line":86,"column":62}},"38":{"start":{"line":87,"column":4},"end":{"line":87,"column":38}},"39":{"start":{"line":89,"column":4},"end":{"line":89,"column":12}},"40":{"start":{"line":92,"column":0},"end":{"line":92,"column":24}}},"fnMap":{"0":{"name":"(anonymous_0)","decl":{"start":{"line":16,"column":22},"end":{"line":16,"column":23}},"loc":{"start":{"line":16,"column":45},"end":{"line":19,"column":1}},"line":16},"1":{"name":"(anonymous_1)","decl":{"start":{"line":18,"column":26},"end":{"line":18,"column":27}},"loc":{"start":{"line":18,"column":38},"end":{"line":18,"column":71}},"line":18},"2":{"name":"(anonymous_2)","decl":{"start":{"line":21,"column":29},"end":{"line":21,"column":30}},"loc":{"start":{"line":21,"column":52},"end":{"line":23,"column":1}},"line":21},"3":{"name":"handleGetAll","decl":{"start":{"line":48,"column":15},"end":{"line":48,"column":27}},"loc":{"start":{"line":48,"column":53},"end":{"line":59,"column":1}},"line":48},"4":{"name":"handleGetOne","decl":{"start":{"line":60,"column":15},"end":{"line":60,"column":27}},"loc":{"start":{"line":60,"column":53},"end":{"line":67,"column":1}},"line":60},"5":{"name":"handlePost","decl":{"start":{"line":68,"column":15},"end":{"line":68,"column":25}},"loc":{"start":{"line":68,"column":51},"end":{"line":75,"column":1}},"line":68},"6":{"name":"handlePut","decl":{"start":{"line":76,"column":15},"end":{"line":76,"column":24}},"loc":{"start":{"line":76,"column":50},"end":{"line":83,"column":1}},"line":76},"7":{"name":"handleDelete","decl":{"start":{"line":84,"column":15},"end":{"line":84,"column":27}},"loc":{"start":{"line":84,"column":53},"end":{"line":91,"column":1}},"line":84}},"branchMap":{},"s":{"0":1,"1":1,"2":1,"3":1,"4":1,"5":1,"6":1,"7":1,"8":0,"9":0,"10":0,"11":1,"12":0,"13":1,"14":1,"15":1,"16":1,"17":1,"18":1,"19":0,"20":0,"21":0,"22":0,"23":0,"24":0,"25":0,"26":0,"27":0,"28":0,"29":0,"30":0,"31":0,"32":0,"33":0,"34":0,"35":0,"36":0,"37":0,"38":0,"39":0,"40":1},"f":{"0":0,"1":0,"2":0,"3":0,"4":0,"5":0,"6":0,"7":0},"b":{},"_coverageSchema":"1a1c01bbd47fc00a2c39e90264f33305004495a9","hash":"1070234208ade0ba3a1f5e9c6c0fb30f27b10636"}
,"/Users/chris-bortel/codefellows/401/auth-server-access-control/auth/middleware/acl.js": {"path":"/Users/chris-bortel/codefellows/401/auth-server-access-control/auth/middleware/acl.js","statementMap":{"0":{"start":{"line":3,"column":0},"end":{"line":15,"column":1}},"1":{"start":{"line":5,"column":2},"end":{"line":13,"column":3}},"2":{"start":{"line":7,"column":4},"end":{"line":12,"column":5}},"3":{"start":{"line":8,"column":6},"end":{"line":8,"column":13}},"4":{"start":{"line":11,"column":6},"end":{"line":11,"column":30}}},"fnMap":{"0":{"name":"(anonymous_0)","decl":{"start":{"line":3,"column":17},"end":{"line":3,"column":18}},"loc":{"start":{"line":3,"column":33},"end":{"line":15,"column":1}},"line":3},"1":{"name":"(anonymous_1)","decl":{"start":{"line":5,"column":9},"end":{"line":5,"column":10}},"loc":{"start":{"line":5,"column":29},"end":{"line":13,"column":3}},"line":5}},"branchMap":{"0":{"loc":{"start":{"line":7,"column":4},"end":{"line":12,"column":5}},"type":"if","locations":[{"start":{"line":7,"column":4},"end":{"line":12,"column":5}},{"start":{"line":7,"column":4},"end":{"line":12,"column":5}}],"line":7}},"s":{"0":1,"1":8,"2":0,"3":0,"4":0},"f":{"0":8,"1":0},"b":{"0":[0,0]},"_coverageSchema":"1a1c01bbd47fc00a2c39e90264f33305004495a9","hash":"db25b4f41590ca758d1509feb6d697e7a176859a"}
,"/Users/chris-bortel/codefellows/401/auth-server-access-control/auth/middleware/basic.js": {"path":"/Users/chris-bortel/codefellows/401/auth-server-access-control/auth/middleware/basic.js","statementMap":{"0":{"start":{"line":3,"column":15},"end":{"line":3,"column":33}},"1":{"start":{"line":4,"column":14},"end":{"line":4,"column":49}},"2":{"start":{"line":8,"column":0},"end":{"line":37,"column":1}},"3":{"start":{"line":12,"column":2},"end":{"line":35,"column":3}},"4":{"start":{"line":15,"column":24},"end":{"line":15,"column":49}},"5":{"start":{"line":16,"column":18},"end":{"line":16,"column":45}},"6":{"start":{"line":17,"column":16},"end":{"line":17,"column":38}},"7":{"start":{"line":18,"column":31},"end":{"line":18,"column":47}},"8":{"start":{"line":21,"column":21},"end":{"line":21,"column":66}},"9":{"start":{"line":25,"column":4},"end":{"line":25,"column":43}},"10":{"start":{"line":28,"column":4},"end":{"line":28,"column":26}},"11":{"start":{"line":30,"column":4},"end":{"line":30,"column":11}},"12":{"start":{"line":33,"column":4},"end":{"line":33,"column":18}},"13":{"start":{"line":34,"column":4},"end":{"line":34,"column":25}}},"fnMap":{"0":{"name":"(anonymous_0)","decl":{"start":{"line":8,"column":17},"end":{"line":8,"column":18}},"loc":{"start":{"line":8,"column":43},"end":{"line":37,"column":1}},"line":8}},"branchMap":{},"s":{"0":1,"1":1,"2":1,"3":0,"4":0,"5":0,"6":0,"7":0,"8":0,"9":0,"10":0,"11":0,"12":0,"13":0},"f":{"0":0},"b":{},"_coverageSchema":"1a1c01bbd47fc00a2c39e90264f33305004495a9","hash":"eddad82e7b4330e767abf8aaf96f614d33c9155c"}
,"/Users/chris-bortel/codefellows/401/auth-server-access-control/auth/middleware/bearer.js": {"path":"/Users/chris-bortel/codefellows/401/auth-server-access-control/auth/middleware/bearer.js","statementMap":{"0":{"start":{"line":3,"column":14},"end":{"line":3,"column":49}},"1":{"start":{"line":5,"column":0},"end":{"line":22,"column":1}},"2":{"start":{"line":7,"column":2},"end":{"line":21,"column":3}},"3":{"start":{"line":9,"column":4},"end":{"line":9,"column":61}},"4":{"start":{"line":9,"column":38},"end":{"line":9,"column":59}},"5":{"start":{"line":11,"column":18},"end":{"line":11,"column":60}},"6":{"start":{"line":13,"column":22},"end":{"line":13,"column":62}},"7":{"start":{"line":15,"column":4},"end":{"line":15,"column":25}},"8":{"start":{"line":16,"column":4},"end":{"line":16,"column":22}},"9":{"start":{"line":17,"column":4},"end":{"line":17,"column":11}},"10":{"start":{"line":20,"column":4},"end":{"line":20,"column":26}}},"fnMap":{"0":{"name":"(anonymous_0)","decl":{"start":{"line":5,"column":17},"end":{"line":5,"column":18}},"loc":{"start":{"line":5,"column":43},"end":{"line":22,"column":1}},"line":5}},"branchMap":{"0":{"loc":{"start":{"line":9,"column":4},"end":{"line":9,"column":61}},"type":"if","locations":[{"start":{"line":9,"column":4},"end":{"line":9,"column":61}},{"start":{"line":9,"column":4},"end":{"line":9,"column":61}}],"line":9}},"s":{"0":1,"1":1,"2":0,"3":0,"4":0,"5":0,"6":0,"7":0,"8":0,"9":0,"10":0},"f":{"0":0},"b":{"0":[0,0]},"_coverageSchema":"1a1c01bbd47fc00a2c39e90264f33305004495a9","hash":"5c16815f55397fec1b07422e08400120bf97d845"}
,"/Users/chris-bortel/codefellows/401/auth-server-access-control/auth/models/users-model.js": {"path":"/Users/chris-bortel/codefellows/401/auth-server-access-control/auth/models/users-model.js","statementMap":{"0":{"start":{"line":3,"column":17},"end":{"line":3,"column":36}},"1":{"start":{"line":4,"column":15},"end":{"line":4,"column":32}},"2":{"start":{"line":5,"column":12},"end":{"line":5,"column":35}},"3":{"start":{"line":7,"column":14},"end":{"line":16,"column":2}},"4":{"start":{"line":18,"column":14},"end":{"line":23,"column":1}},"5":{"start":{"line":25,"column":0},"end":{"line":28,"column":3}},"6":{"start":{"line":26,"column":2},"end":{"line":26,"column":54}},"7":{"start":{"line":27,"column":2},"end":{"line":27,"column":48}},"8":{"start":{"line":30,"column":0},"end":{"line":32,"column":2}},"9":{"start":{"line":31,"column":2},"end":{"line":31,"column":47}},"10":{"start":{"line":35,"column":0},"end":{"line":43,"column":2}},"11":{"start":{"line":36,"column":20},"end":{"line":40,"column":3}},"12":{"start":{"line":41,"column":14},"end":{"line":41,"column":55}},"13":{"start":{"line":42,"column":2},"end":{"line":42,"column":15}},"14":{"start":{"line":46,"column":0},"end":{"line":58,"column":2}},"15":{"start":{"line":48,"column":13},"end":{"line":48,"column":55}},"16":{"start":{"line":51,"column":16},"end":{"line":51,"column":61}},"17":{"start":{"line":53,"column":2},"end":{"line":57,"column":3}},"18":{"start":{"line":54,"column":4},"end":{"line":54,"column":16}},"19":{"start":{"line":56,"column":4},"end":{"line":56,"column":21}},"20":{"start":{"line":60,"column":0},"end":{"line":68,"column":2}},"21":{"start":{"line":61,"column":2},"end":{"line":67,"column":3}},"22":{"start":{"line":62,"column":24},"end":{"line":62,"column":61}},"23":{"start":{"line":63,"column":17},"end":{"line":63,"column":65}},"24":{"start":{"line":64,"column":4},"end":{"line":64,"column":16}},"25":{"start":{"line":66,"column":4},"end":{"line":66,"column":31}},"26":{"start":{"line":70,"column":0},"end":{"line":70,"column":48}}},"fnMap":{"0":{"name":"(anonymous_0)","decl":{"start":{"line":25,"column":18},"end":{"line":25,"column":19}},"loc":{"start":{"line":25,"column":36},"end":{"line":28,"column":1}},"line":25},"1":{"name":"(anonymous_1)","decl":{"start":{"line":30,"column":20},"end":{"line":30,"column":21}},"loc":{"start":{"line":30,"column":42},"end":{"line":32,"column":1}},"line":30},"2":{"name":"(anonymous_2)","decl":{"start":{"line":35,"column":30},"end":{"line":35,"column":31}},"loc":{"start":{"line":35,"column":42},"end":{"line":43,"column":1}},"line":35},"3":{"name":"(anonymous_3)","decl":{"start":{"line":46,"column":30},"end":{"line":46,"column":31}},"loc":{"start":{"line":46,"column":66},"end":{"line":58,"column":1}},"line":46},"4":{"name":"(anonymous_4)","decl":{"start":{"line":60,"column":38},"end":{"line":60,"column":39}},"loc":{"start":{"line":60,"column":61},"end":{"line":68,"column":1}},"line":60}},"branchMap":{"0":{"loc":{"start":{"line":53,"column":2},"end":{"line":57,"column":3}},"type":"if","locations":[{"start":{"line":53,"column":2},"end":{"line":57,"column":3}},{"start":{"line":53,"column":2},"end":{"line":57,"column":3}}],"line":53}},"s":{"0":1,"1":1,"2":1,"3":1,"4":1,"5":1,"6":0,"7":0,"8":1,"9":0,"10":1,"11":0,"12":0,"13":0,"14":1,"15":0,"16":0,"17":0,"18":0,"19":0,"20":1,"21":0,"22":0,"23":0,"24":0,"25":0,"26":1},"f":{"0":0,"1":0,"2":0,"3":0,"4":0},"b":{"0":[0,0]},"_coverageSchema":"1a1c01bbd47fc00a2c39e90264f33305004495a9","hash":"671e30c9be1ae9ce8f8eb706293f9b894fe5a961"}
,"/Users/chris-bortel/codefellows/401/auth-server-access-control/auth/routes/auth-router.js": {"path":"/Users/chris-bortel/codefellows/401/auth-server-access-control/auth/routes/auth-router.js","statementMap":{"0":{"start":{"line":3,"column":16},"end":{"line":3,"column":34}},"1":{"start":{"line":5,"column":18},"end":{"line":5,"column":51}},"2":{"start":{"line":6,"column":15},"end":{"line":6,"column":49}},"3":{"start":{"line":7,"column":12},"end":{"line":7,"column":43}},"4":{"start":{"line":8,"column":14},"end":{"line":8,"column":49}},"5":{"start":{"line":11,"column":15},"end":{"line":11,"column":31}},"6":{"start":{"line":13,"column":0},"end":{"line":38,"column":3}},"7":{"start":{"line":14,"column":2},"end":{"line":37,"column":3}},"8":{"start":{"line":15,"column":14},"end":{"line":19,"column":5}},"9":{"start":{"line":22,"column":17},"end":{"line":22,"column":31}},"10":{"start":{"line":25,"column":18},"end":{"line":25,"column":37}},"11":{"start":{"line":27,"column":16},"end":{"line":27,"column":38}},"12":{"start":{"line":29,"column":4},"end":{"line":29,"column":27}},"13":{"start":{"line":30,"column":17},"end":{"line":33,"column":5}},"14":{"start":{"line":34,"column":4},"end":{"line":34,"column":33}},"15":{"start":{"line":36,"column":4},"end":{"line":36,"column":20}},"16":{"start":{"line":40,"column":0},"end":{"line":40,"column":39}},"17":{"start":{"line":42,"column":2},"end":{"line":48,"column":3}},"18":{"start":{"line":43,"column":19},"end":{"line":43,"column":39}},"19":{"start":{"line":44,"column":4},"end":{"line":44,"column":31}},"20":{"start":{"line":45,"column":4},"end":{"line":45,"column":35}},"21":{"start":{"line":47,"column":4},"end":{"line":47,"column":12}},"22":{"start":{"line":52,"column":0},"end":{"line":59,"column":3}},"23":{"start":{"line":53,"column":2},"end":{"line":53,"column":29}},"24":{"start":{"line":54,"column":15},"end":{"line":57,"column":3}},"25":{"start":{"line":58,"column":2},"end":{"line":58,"column":31}},"26":{"start":{"line":61,"column":0},"end":{"line":63,"column":3}},"27":{"start":{"line":62,"column":2},"end":{"line":62,"column":56}},"28":{"start":{"line":65,"column":0},"end":{"line":67,"column":3}},"29":{"start":{"line":66,"column":2},"end":{"line":66,"column":42}},"30":{"start":{"line":69,"column":0},"end":{"line":71,"column":3}},"31":{"start":{"line":70,"column":2},"end":{"line":70,"column":44}},"32":{"start":{"line":73,"column":0},"end":{"line":75,"column":3}},"33":{"start":{"line":74,"column":2},"end":{"line":74,"column":44}},"34":{"start":{"line":77,"column":0},"end":{"line":77,"column":24}}},"fnMap":{"0":{"name":"(anonymous_0)","decl":{"start":{"line":13,"column":23},"end":{"line":13,"column":24}},"loc":{"start":{"line":13,"column":49},"end":{"line":38,"column":1}},"line":13},"1":{"name":"getUsers","decl":{"start":{"line":41,"column":15},"end":{"line":41,"column":23}},"loc":{"start":{"line":41,"column":40},"end":{"line":49,"column":1}},"line":41},"2":{"name":"(anonymous_2)","decl":{"start":{"line":52,"column":34},"end":{"line":52,"column":35}},"loc":{"start":{"line":52,"column":54},"end":{"line":59,"column":1}},"line":52},"3":{"name":"(anonymous_3)","decl":{"start":{"line":61,"column":30},"end":{"line":61,"column":31}},"loc":{"start":{"line":61,"column":44},"end":{"line":63,"column":1}},"line":61},"4":{"name":"(anonymous_4)","decl":{"start":{"line":65,"column":44},"end":{"line":65,"column":45}},"loc":{"start":{"line":65,"column":58},"end":{"line":67,"column":1}},"line":65},"5":{"name":"(anonymous_5)","decl":{"start":{"line":69,"column":47},"end":{"line":69,"column":48}},"loc":{"start":{"line":69,"column":61},"end":{"line":71,"column":1}},"line":69},"6":{"name":"(anonymous_6)","decl":{"start":{"line":73,"column":46},"end":{"line":73,"column":47}},"loc":{"start":{"line":73,"column":60},"end":{"line":75,"column":1}},"line":73}},"branchMap":{},"s":{"0":1,"1":1,"2":1,"3":1,"4":1,"5":1,"6":1,"7":0,"8":0,"9":0,"10":0,"11":0,"12":0,"13":0,"14":0,"15":0,"16":1,"17":0,"18":0,"19":0,"20":0,"21":0,"22":1,"23":0,"24":0,"25":0,"26":1,"27":0,"28":1,"29":0,"30":1,"31":0,"32":1,"33":0,"34":1},"f":{"0":0,"1":0,"2":0,"3":0,"4":0,"5":0,"6":0},"b":{},"_coverageSchema":"1a1c01bbd47fc00a2c39e90264f33305004495a9","hash":"ddaa0595e84578b2d72c3f8f26f33b9b68b5aca8"}
,"/Users/chris-bortel/codefellows/401/auth-server-access-control/middleware/404.js": {"path":"/Users/chris-bortel/codefellows/401/auth-server-access-control/middleware/404.js","statementMap":{"0":{"start":{"line":13,"column":0},"end":{"line":16,"column":2}},"1":{"start":{"line":14,"column":14},"end":{"line":14,"column":45}},"2":{"start":{"line":15,"column":2},"end":{"line":15,"column":36}}},"fnMap":{"0":{"name":"(anonymous_0)","decl":{"start":{"line":13,"column":17},"end":{"line":13,"column":18}},"loc":{"start":{"line":13,"column":35},"end":{"line":16,"column":1}},"line":13}},"branchMap":{},"s":{"0":1,"1":0,"2":0},"f":{"0":0},"b":{},"_coverageSchema":"1a1c01bbd47fc00a2c39e90264f33305004495a9","hash":"ec5c3e88e1960606fee8d434e7b9347123d53f18"}
,"/Users/chris-bortel/codefellows/401/auth-server-access-control/middleware/500.js": {"path":"/Users/chris-bortel/codefellows/401/auth-server-access-control/middleware/500.js","statementMap":{"0":{"start":{"line":15,"column":0},"end":{"line":18,"column":2}},"1":{"start":{"line":16,"column":14},"end":{"line":16,"column":28}},"2":{"start":{"line":17,"column":2},"end":{"line":17,"column":36}}},"fnMap":{"0":{"name":"(anonymous_0)","decl":{"start":{"line":15,"column":17},"end":{"line":15,"column":18}},"loc":{"start":{"line":15,"column":42},"end":{"line":18,"column":1}},"line":15}},"branchMap":{},"s":{"0":1,"1":0,"2":0},"f":{"0":0},"b":{},"_coverageSchema":"1a1c01bbd47fc00a2c39e90264f33305004495a9","hash":"e01ff4f5ef6cfc43db2bcf2dadc20bbdd8d00600"}
,"/Users/chris-bortel/codefellows/401/auth-server-access-control/middleware/model-finder.js": {"path":"/Users/chris-bortel/codefellows/401/auth-server-access-control/middleware/model-finder.js","statementMap":{"0":{"start":{"line":2,"column":11},"end":{"line":2,"column":24}},"1":{"start":{"line":3,"column":13},"end":{"line":3,"column":28}},"2":{"start":{"line":4,"column":16},"end":{"line":4,"column":42}},"3":{"start":{"line":6,"column":21},"end":{"line":6,"column":45}},"4":{"start":{"line":22,"column":13},"end":{"line":28,"column":1}},"5":{"start":{"line":23,"column":20},"end":{"line":23,"column":65}},"6":{"start":{"line":24,"column":19},"end":{"line":24,"column":71}},"7":{"start":{"line":25,"column":16},"end":{"line":25,"column":33}},"8":{"start":{"line":26,"column":2},"end":{"line":26,"column":26}},"9":{"start":{"line":27,"column":2},"end":{"line":27,"column":9}},"10":{"start":{"line":31,"column":13},"end":{"line":39,"column":1}},"11":{"start":{"line":32,"column":2},"end":{"line":38,"column":26}},"12":{"start":{"line":34,"column":6},"end":{"line":36,"column":7}},"13":{"start":{"line":35,"column":8},"end":{"line":35,"column":123}},"14":{"start":{"line":41,"column":0},"end":{"line":41,"column":32}}},"fnMap":{"0":{"name":"(anonymous_0)","decl":{"start":{"line":22,"column":13},"end":{"line":22,"column":14}},"loc":{"start":{"line":22,"column":33},"end":{"line":28,"column":1}},"line":22},"1":{"name":"(anonymous_1)","decl":{"start":{"line":31,"column":13},"end":{"line":31,"column":14}},"loc":{"start":{"line":31,"column":19},"end":{"line":39,"column":1}},"line":31},"2":{"name":"(anonymous_2)","decl":{"start":{"line":33,"column":10},"end":{"line":33,"column":11}},"loc":{"start":{"line":34,"column":6},"end":{"line":36,"column":7}},"line":34},"3":{"name":"(anonymous_3)","decl":{"start":{"line":34,"column":22},"end":{"line":34,"column":23}},"loc":{"start":{"line":35,"column":8},"end":{"line":35,"column":123}},"line":35}},"branchMap":{"0":{"loc":{"start":{"line":35,"column":8},"end":{"line":35,"column":123}},"type":"binary-expr","locations":[{"start":{"line":35,"column":8},"end":{"line":35,"column":62}},{"start":{"line":35,"column":66},"end":{"line":35,"column":123}}],"line":35}},"s":{"0":1,"1":1,"2":1,"3":1,"4":1,"5":5,"6":5,"7":5,"8":5,"9":5,"10":1,"11":0,"12":0,"13":0,"14":1},"f":{"0":5,"1":0,"2":0,"3":0},"b":{"0":[0,0]},"_coverageSchema":"1a1c01bbd47fc00a2c39e90264f33305004495a9","hash":"b632c16414a3e0118b5b52d947c1a1754342e284"}
,"/Users/chris-bortel/codefellows/401/auth-server-access-control/models/mongo.js": {"path":"/Users/chris-bortel/codefellows/401/auth-server-access-control/models/mongo.js","statementMap":{"0":{"start":{"line":11,"column":4},"end":{"line":11,"column":25}},"1":{"start":{"line":19,"column":4},"end":{"line":21,"column":11}},"2":{"start":{"line":30,"column":4},"end":{"line":30,"column":41}},"3":{"start":{"line":39,"column":20},"end":{"line":39,"column":43}},"4":{"start":{"line":40,"column":4},"end":{"line":40,"column":28}},"5":{"start":{"line":50,"column":4},"end":{"line":50,"column":69}},"6":{"start":{"line":59,"column":4},"end":{"line":59,"column":46}},"7":{"start":{"line":64,"column":0},"end":{"line":64,"column":23}}},"fnMap":{"0":{"name":"(anonymous_0)","decl":{"start":{"line":10,"column":2},"end":{"line":10,"column":3}},"loc":{"start":{"line":10,"column":22},"end":{"line":12,"column":3}},"line":10},"1":{"name":"(anonymous_1)","decl":{"start":{"line":18,"column":2},"end":{"line":18,"column":3}},"loc":{"start":{"line":18,"column":15},"end":{"line":22,"column":3}},"line":18},"2":{"name":"(anonymous_2)","decl":{"start":{"line":29,"column":2},"end":{"line":29,"column":3}},"loc":{"start":{"line":29,"column":24},"end":{"line":31,"column":3}},"line":29},"3":{"name":"(anonymous_3)","decl":{"start":{"line":38,"column":2},"end":{"line":38,"column":3}},"loc":{"start":{"line":38,"column":17},"end":{"line":41,"column":3}},"line":38},"4":{"name":"(anonymous_4)","decl":{"start":{"line":49,"column":2},"end":{"line":49,"column":3}},"loc":{"start":{"line":49,"column":22},"end":{"line":51,"column":3}},"line":49},"5":{"name":"(anonymous_5)","decl":{"start":{"line":58,"column":2},"end":{"line":58,"column":3}},"loc":{"start":{"line":58,"column":14},"end":{"line":60,"column":3}},"line":58}},"branchMap":{"0":{"loc":{"start":{"line":19,"column":11},"end":{"line":21,"column":10}},"type":"cond-expr","locations":[{"start":{"line":20,"column":8},"end":{"line":20,"column":32}},{"start":{"line":21,"column":8},"end":{"line":21,"column":10}}],"line":19},"1":{"loc":{"start":{"line":29,"column":6},"end":{"line":29,"column":22}},"type":"default-arg","locations":[{"start":{"line":29,"column":20},"end":{"line":29,"column":22}}],"line":29}},"s":{"0":5,"1":0,"2":1,"3":4,"4":4,"5":0,"6":0,"7":1},"f":{"0":5,"1":0,"2":1,"3":4,"4":0,"5":0},"b":{"0":[0,0],"1":[0]},"_coverageSchema":"1a1c01bbd47fc00a2c39e90264f33305004495a9","hash":"5481798a3c921b3e62d80c21d2e78b4d8993de10"}
,"/Users/chris-bortel/codefellows/401/auth-server-access-control/models/todo/todo-model.js": {"path":"/Users/chris-bortel/codefellows/401/auth-server-access-control/models/todo/todo-model.js","statementMap":{"0":{"start":{"line":3,"column":14},"end":{"line":3,"column":36}},"1":{"start":{"line":4,"column":15},"end":{"line":4,"column":42}},"2":{"start":{"line":11,"column":18},"end":{"line":11,"column":32}},"3":{"start":{"line":14,"column":0},"end":{"line":14,"column":22}}},"fnMap":{"0":{"name":"(anonymous_0)","decl":{"start":{"line":11,"column":2},"end":{"line":11,"column":3}},"loc":{"start":{"line":11,"column":16},"end":{"line":11,"column":34}},"line":11}},"branchMap":{},"s":{"0":1,"1":1,"2":5,"3":1},"f":{"0":5},"b":{},"_coverageSchema":"1a1c01bbd47fc00a2c39e90264f33305004495a9","hash":"375664c40a8d42566185421be647fa76a4b55b0c"}
,"/Users/chris-bortel/codefellows/401/auth-server-access-control/models/todo/todo-schema.js": {"path":"/Users/chris-bortel/codefellows/401/auth-server-access-control/models/todo/todo-schema.js","statementMap":{"0":{"start":{"line":3,"column":17},"end":{"line":3,"column":36}},"1":{"start":{"line":4,"column":0},"end":{"line":4,"column":48}},"2":{"start":{"line":6,"column":13},"end":{"line":11,"column":2}},"3":{"start":{"line":13,"column":0},"end":{"line":13,"column":46}}},"fnMap":{},"branchMap":{},"s":{"0":1,"1":1,"2":1,"3":1},"f":{},"b":{},"_coverageSchema":"1a1c01bbd47fc00a2c39e90264f33305004495a9","hash":"7ab762bb3c0d95d4261fa650400efdc7470a8319"}
}
