TN:
SF:server.js
FN:32,(anonymous_0)
FNF:1
FNH:0
FNDA:0,(anonymous_0)
DA:3,1
DA:4,1
DA:6,1
DA:7,1
DA:8,1
DA:9,1
DA:10,1
DA:12,1
DA:15,1
DA:16,1
DA:17,1
DA:20,1
DA:21,1
DA:22,1
DA:25,1
DA:28,1
DA:30,1
DA:32,0
LF:18
LH:17
BRF:0
BRH:0
end_of_record
TN:
SF:api/v1.js
FN:21,(anonymous_0)
FN:24,(anonymous_1)
FN:28,(anonymous_2)
FN:60,handleGetAll
FN:62,(anonymous_4)
FN:72,handleGetOne
FN:74,(anonymous_6)
FN:78,handlePost
FN:80,(anonymous_8)
FN:84,handlePut
FN:86,(anonymous_10)
FN:90,handleDelete
FN:92,(anonymous_12)
FNF:13
FNH:4
FNDA:0,(anonymous_0)
FNDA:0,(anonymous_1)
FNDA:0,(anonymous_2)
FNDA:1,handleGetAll
FNDA:1,(anonymous_4)
FNDA:0,handleGetOne
FNDA:0,(anonymous_6)
FNDA:4,handlePost
FNDA:4,(anonymous_8)
FNDA:0,handlePut
FNDA:0,(anonymous_10)
FNDA:0,handleDelete
FNDA:0,(anonymous_12)
DA:9,1
DA:11,1
DA:13,1
DA:15,1
DA:18,1
DA:21,1
DA:22,0
DA:23,0
DA:24,0
DA:28,1
DA:29,0
DA:43,1
DA:52,1
DA:53,1
DA:54,1
DA:55,1
DA:61,1
DA:63,1
DA:67,1
DA:73,0
DA:74,0
DA:79,4
DA:80,4
DA:85,0
DA:86,0
DA:91,0
DA:92,0
DA:96,1
LF:28
LH:18
BRF:0
BRH:0
end_of_record
TN:
SF:api/v2.js
FN:16,(anonymous_0)
FN:18,(anonymous_1)
FN:21,(anonymous_2)
FN:48,handleGetAll
FN:60,handleGetOne
FN:68,handlePost
FN:76,handlePut
FN:84,handleDelete
FNF:8
FNH:0
FNDA:0,(anonymous_0)
FNDA:0,(anonymous_1)
FNDA:0,(anonymous_2)
FNDA:0,handleGetAll
FNDA:0,handleGetOne
FNDA:0,handlePost
FNDA:0,handlePut
FNDA:0,handleDelete
DA:7,1
DA:8,1
DA:9,1
DA:10,1
DA:11,1
DA:12,1
DA:14,1
DA:16,1
DA:17,0
DA:18,0
DA:21,1
DA:22,0
DA:34,1
DA:42,1
DA:43,1
DA:44,1
DA:45,1
DA:46,1
DA:49,0
DA:50,0
DA:51,0
DA:55,0
DA:57,0
DA:61,0
DA:62,0
DA:63,0
DA:65,0
DA:69,0
DA:70,0
DA:71,0
DA:73,0
DA:77,0
DA:78,0
DA:79,0
DA:81,0
DA:85,0
DA:86,0
DA:87,0
DA:89,0
DA:92,1
LF:40
LH:16
BRF:0
BRH:0
end_of_record
TN:
SF:auth/middleware/acl.js
FN:3,(anonymous_0)
FN:5,(anonymous_1)
FNF:2
FNH:1
FNDA:8,(anonymous_0)
FNDA:0,(anonymous_1)
DA:3,1
DA:5,8
DA:7,0
DA:8,0
DA:11,0
LF:5
LH:2
BRDA:7,0,0,0
BRDA:7,0,1,0
BRF:2
BRH:0
end_of_record
TN:
SF:auth/middleware/basic.js
FN:8,(anonymous_0)
FNF:1
FNH:0
FNDA:0,(anonymous_0)
DA:3,1
DA:4,1
DA:8,1
DA:12,0
DA:15,0
DA:16,0
DA:17,0
DA:18,0
DA:21,0
DA:25,0
DA:28,0
DA:30,0
DA:33,0
DA:34,0
LF:14
LH:3
BRF:0
BRH:0
end_of_record
TN:
SF:auth/middleware/bearer.js
FN:5,(anonymous_0)
FNF:1
FNH:0
FNDA:0,(anonymous_0)
DA:3,1
DA:5,1
DA:7,0
DA:9,0
DA:11,0
DA:13,0
DA:15,0
DA:16,0
DA:17,0
DA:20,0
LF:10
LH:2
BRDA:9,0,0,0
BRDA:9,0,1,0
BRF:2
BRH:0
end_of_record
TN:
SF:auth/models/users-model.js
FN:25,(anonymous_0)
FN:30,(anonymous_1)
FN:35,(anonymous_2)
FN:46,(anonymous_3)
FN:60,(anonymous_4)
FNF:5
FNH:0
FNDA:0,(anonymous_0)
FNDA:0,(anonymous_1)
FNDA:0,(anonymous_2)
FNDA:0,(anonymous_3)
FNDA:0,(anonymous_4)
DA:3,1
DA:4,1
DA:5,1
DA:7,1
DA:18,1
DA:25,1
DA:26,0
DA:27,0
DA:30,1
DA:31,0
DA:35,1
DA:36,0
DA:41,0
DA:42,0
DA:46,1
DA:48,0
DA:51,0
DA:53,0
DA:54,0
DA:56,0
DA:60,1
DA:61,0
DA:62,0
DA:63,0
DA:64,0
DA:66,0
DA:70,1
LF:27
LH:11
BRDA:53,0,0,0
BRDA:53,0,1,0
BRF:2
BRH:0
end_of_record
TN:
SF:auth/routes/auth-router.js
FN:13,(anonymous_0)
FN:41,getUsers
FN:52,(anonymous_2)
FN:61,(anonymous_3)
FN:65,(anonymous_4)
FN:69,(anonymous_5)
FN:73,(anonymous_6)
FNF:7
FNH:0
FNDA:0,(anonymous_0)
FNDA:0,getUsers
FNDA:0,(anonymous_2)
FNDA:0,(anonymous_3)
FNDA:0,(anonymous_4)
FNDA:0,(anonymous_5)
FNDA:0,(anonymous_6)
DA:3,1
DA:5,1
DA:6,1
DA:7,1
DA:8,1
DA:11,1
DA:13,1
DA:14,0
DA:15,0
DA:22,0
DA:25,0
DA:27,0
DA:29,0
DA:30,0
DA:34,0
DA:36,0
DA:40,1
DA:42,0
DA:43,0
DA:44,0
DA:45,0
DA:47,0
DA:52,1
DA:53,0
DA:54,0
DA:58,0
DA:61,1
DA:62,0
DA:65,1
DA:66,0
DA:69,1
DA:70,0
DA:73,1
DA:74,0
DA:77,1
LF:35
LH:14
BRF:0
BRH:0
end_of_record
TN:
SF:middleware/404.js
FN:13,(anonymous_0)
FNF:1
FNH:0
FNDA:0,(anonymous_0)
DA:13,1
DA:14,0
DA:15,0
LF:3
LH:1
BRF:0
BRH:0
end_of_record
TN:
SF:middleware/500.js
FN:15,(anonymous_0)
FNF:1
FNH:0
FNDA:0,(anonymous_0)
DA:15,1
DA:16,0
DA:17,0
LF:3
LH:1
BRF:0
BRH:0
end_of_record
TN:
SF:middleware/model-finder.js
FN:22,(anonymous_0)
FN:31,(anonymous_1)
FN:33,(anonymous_2)
FN:34,(anonymous_3)
FNF:4
FNH:1
FNDA:5,(anonymous_0)
FNDA:0,(anonymous_1)
FNDA:0,(anonymous_2)
FNDA:0,(anonymous_3)
DA:2,1
DA:3,1
DA:4,1
DA:6,1
DA:22,1
DA:23,5
DA:24,5
DA:25,5
DA:26,5
DA:27,5
DA:31,1
DA:32,0
DA:34,0
DA:35,0
DA:41,1
LF:15
LH:12
BRDA:35,0,0,0
BRDA:35,0,1,0
BRF:2
BRH:0
end_of_record
TN:
SF:models/mongo.js
FN:10,(anonymous_0)
FN:18,(anonymous_1)
FN:29,(anonymous_2)
FN:38,(anonymous_3)
FN:49,(anonymous_4)
FN:58,(anonymous_5)
FNF:6
FNH:3
FNDA:5,(anonymous_0)
FNDA:0,(anonymous_1)
FNDA:1,(anonymous_2)
FNDA:4,(anonymous_3)
FNDA:0,(anonymous_4)
FNDA:0,(anonymous_5)
DA:11,5
DA:19,0
DA:30,1
DA:39,4
DA:40,4
DA:50,0
DA:59,0
DA:64,1
LF:8
LH:5
BRDA:19,0,0,0
BRDA:19,0,1,0
BRDA:29,1,0,0
BRF:3
BRH:0
end_of_record
TN:
SF:models/todo/todo-model.js
FN:11,(anonymous_0)
FNF:1
FNH:1
FNDA:5,(anonymous_0)
DA:3,1
DA:4,1
DA:11,5
DA:14,1
LF:4
LH:4
BRF:0
BRH:0
end_of_record
TN:
SF:models/todo/todo-schema.js
FNF:0
FNH:0
DA:3,1
DA:4,1
DA:6,1
DA:13,1
LF:4
LH:4
BRF:0
BRH:0
end_of_record
